[2025-05-06 10:53:53] 127.0.0.1:45118 - Request received:
GET /resources HTTP/1.1
Host: localhost
Connection: close
------------------------------------------------------------

============================================================
[2025-05-06 10:56:31] 127.0.0.1:58426 - Request received:
GET /resources HTTP/1.1
Host: localhost
Connection: close
------------------------------------------------------------

============================================================
[2025-05-06 10:56:47] 127.0.0.1:36406 - Request received:
GET /resources/gatos/7 HTTP/1.1
Host: localhost
Connection: close
------------------------------------------------------------

============================================================
[2025-05-06 10:56:57] 127.0.0.1:56410 - Request received:
GET /resources/perros HTTP/1.1
Host: localhost
Connection: close
------------------------------------------------------------

============================================================
[2025-05-06 10:59:04] 127.0.0.1:41518 - Request received:
POST /resources/gatos HTTP/1.1
Host: localhost
Connection: close
Content-Type: application/json
Content-Length: 19
X
-
c
u
s
t
o
m
:
1
2
3
------------------------------------------------------------
{
    "pedro": "hola"
}
============================================================
